{"/media/veracrypt1/FeedYou/refactoring-kata-song/src/song.ts": {"path":"/media/veracrypt1/FeedYou/refactoring-kata-song/src/song.ts","statementMap":{"0":{"start":{"line":1,"column":0},"end":{"line":1,"column":null}},"1":{"start":{"line":11,"column":23},"end":{"line":12,"column":null}},"2":{"start":{"line":12,"column":2},"end":{"line":20,"column":15}},"3":{"start":{"line":11,"column":13},"end":{"line":11,"column":23}}},"fnMap":{"0":{"name":"(anonymous_0)","decl":{"start":{"line":11,"column":23},"end":{"line":11,"column":null}},"loc":{"start":{"line":11,"column":23},"end":{"line":12,"column":null}}}},"branchMap":{},"s":{"0":1,"1":1,"2":2,"3":1},"f":{"0":2},"b":{}}
,"/media/veracrypt1/FeedYou/refactoring-kata-song/src/songService.ts": {"path":"/media/veracrypt1/FeedYou/refactoring-kata-song/src/songService.ts","statementMap":{"0":{"start":{"line":2,"column":2},"end":{"line":4,"column":25}},"1":{"start":{"line":1,"column":0},"end":{"line":1,"column":16}},"2":{"start":{"line":7,"column":2},"end":{"line":11,"column":25}},"3":{"start":{"line":6,"column":0},"end":{"line":6,"column":16}},"4":{"start":{"line":14,"column":2},"end":{"line":19,"column":25}},"5":{"start":{"line":13,"column":0},"end":{"line":13,"column":16}},"6":{"start":{"line":22,"column":2},"end":{"line":28,"column":25}},"7":{"start":{"line":21,"column":0},"end":{"line":21,"column":16}},"8":{"start":{"line":31,"column":2},"end":{"line":38,"column":25}},"9":{"start":{"line":30,"column":0},"end":{"line":30,"column":16}},"10":{"start":{"line":41,"column":2},"end":{"line":49,"column":25}},"11":{"start":{"line":40,"column":0},"end":{"line":40,"column":16}},"12":{"start":{"line":53,"column":2},"end":{"line":55,"column":29}},"13":{"start":{"line":52,"column":0},"end":{"line":52,"column":16}},"14":{"start":{"line":59,"column":2},"end":{"line":59,"column":70}},"15":{"start":{"line":65,"column":2},"end":{"line":65,"column":null}},"16":{"start":{"line":67,"column":21},"end":{"line":67,"column":69}},"17":{"start":{"line":69,"column":2},"end":{"line":69,"column":88}},"18":{"start":{"line":74,"column":2},"end":{"line":74,"column":null}},"19":{"start":{"line":76,"column":21},"end":{"line":76,"column":74}},"20":{"start":{"line":78,"column":2},"end":{"line":78,"column":81}},"21":{"start":{"line":82,"column":2},"end":{"line":84,"column":null}},"22":{"start":{"line":83,"column":4},"end":{"line":83,"column":15}},"23":{"start":{"line":86,"column":2},"end":{"line":86,"column":13}},"24":{"start":{"line":90,"column":2},"end":{"line":92,"column":null}},"25":{"start":{"line":91,"column":4},"end":{"line":91,"column":15}},"26":{"start":{"line":94,"column":2},"end":{"line":94,"column":13}}},"fnMap":{"0":{"name":"getStrophe1","decl":{"start":{"line":1,"column":16},"end":{"line":1,"column":27}},"loc":{"start":{"line":1,"column":27},"end":{"line":5,"column":1}}},"1":{"name":"getStrophe2","decl":{"start":{"line":6,"column":16},"end":{"line":6,"column":27}},"loc":{"start":{"line":6,"column":27},"end":{"line":12,"column":1}}},"2":{"name":"getStrophe3","decl":{"start":{"line":13,"column":16},"end":{"line":13,"column":27}},"loc":{"start":{"line":13,"column":27},"end":{"line":20,"column":1}}},"3":{"name":"getStrophe4","decl":{"start":{"line":21,"column":16},"end":{"line":21,"column":27}},"loc":{"start":{"line":21,"column":27},"end":{"line":29,"column":1}}},"4":{"name":"getStrophe5","decl":{"start":{"line":30,"column":16},"end":{"line":30,"column":27}},"loc":{"start":{"line":30,"column":27},"end":{"line":39,"column":1}}},"5":{"name":"getStrophe6","decl":{"start":{"line":40,"column":16},"end":{"line":40,"column":27}},"loc":{"start":{"line":40,"column":27},"end":{"line":50,"column":1}}},"6":{"name":"getStrophe7","decl":{"start":{"line":52,"column":16},"end":{"line":52,"column":27}},"loc":{"start":{"line":52,"column":27},"end":{"line":56,"column":1}}},"7":{"name":"getLastParagraph","decl":{"start":{"line":58,"column":9},"end":{"line":58,"column":25}},"loc":{"start":{"line":58,"column":25},"end":{"line":60,"column":1}}},"8":{"name":"getMainParagraph","decl":{"start":{"line":62,"column":9},"end":{"line":62,"column":25}},"loc":{"start":{"line":65,"column":35},"end":{"line":70,"column":1}}},"9":{"name":"getFirstParagraph","decl":{"start":{"line":72,"column":9},"end":{"line":72,"column":26}},"loc":{"start":{"line":74,"column":39},"end":{"line":79,"column":1}}},"10":{"name":"getEndingCharForFirstParagraph","decl":{"start":{"line":81,"column":9},"end":{"line":81,"column":39}},"loc":{"start":{"line":81,"column":71},"end":{"line":87,"column":1}}},"11":{"name":"getEndingCharForMainParagraph","decl":{"start":{"line":89,"column":9},"end":{"line":89,"column":38}},"loc":{"start":{"line":89,"column":66},"end":{"line":95,"column":1}}}},"branchMap":{"0":{"loc":{"start":{"line":65,"column":2},"end":{"line":65,"column":null}},"type":"if","locations":[{"start":{"line":65,"column":2},"end":{"line":65,"column":null}},{"start":{"line":65,"column":2},"end":{"line":65,"column":null}}]},"1":{"loc":{"start":{"line":74,"column":2},"end":{"line":74,"column":null}},"type":"if","locations":[{"start":{"line":74,"column":2},"end":{"line":74,"column":null}},{"start":{"line":74,"column":2},"end":{"line":74,"column":null}}]},"2":{"loc":{"start":{"line":82,"column":2},"end":{"line":84,"column":null}},"type":"if","locations":[{"start":{"line":82,"column":2},"end":{"line":84,"column":null}},{"start":{"line":82,"column":2},"end":{"line":84,"column":null}}]},"3":{"loc":{"start":{"line":90,"column":2},"end":{"line":92,"column":null}},"type":"if","locations":[{"start":{"line":90,"column":2},"end":{"line":92,"column":null}},{"start":{"line":90,"column":2},"end":{"line":92,"column":null}}]}},"s":{"0":2,"1":1,"2":2,"3":1,"4":2,"5":1,"6":2,"7":1,"8":2,"9":1,"10":2,"11":1,"12":2,"13":1,"14":12,"15":50,"16":30,"17":30,"18":24,"19":14,"20":14,"21":14,"22":10,"23":4,"24":30,"25":20,"26":10},"f":{"0":2,"1":2,"2":2,"3":2,"4":2,"5":2,"6":2,"7":12,"8":30,"9":14,"10":14,"11":30},"b":{"0":[20,10],"1":[10,4],"2":[10,4],"3":[20,10]}}
}
