TN:
SF:src/song.ts
FN:11,(anonymous_0)
FNF:1
FNH:1
FNDA:2,(anonymous_0)
DA:1,1
DA:11,1
DA:12,2
LF:3
LH:3
BRF:0
BRH:0
end_of_record
TN:
SF:src/songService.ts
FN:1,getStrophe1
FN:6,getStrophe2
FN:13,getStrophe3
FN:21,getStrophe4
FN:30,getStrophe5
FN:40,getStrophe6
FN:52,getStrophe7
FN:58,getLastParagraph
FN:62,getMainParagraph
FN:72,getFirstParagraph
FN:81,getEndingCharForFirstParagraph
FN:89,getEndingCharForMainParagraph
FNF:12
FNH:12
FNDA:2,getStrophe1
FNDA:2,getStrophe2
FNDA:2,getStrophe3
FNDA:2,getStrophe4
FNDA:2,getStrophe5
FNDA:2,getStrophe6
FNDA:2,getStrophe7
FNDA:12,getLastParagraph
FNDA:30,getMainParagraph
FNDA:14,getFirstParagraph
FNDA:14,getEndingCharForFirstParagraph
FNDA:30,getEndingCharForMainParagraph
DA:1,1
DA:2,2
DA:6,1
DA:7,2
DA:13,1
DA:14,2
DA:21,1
DA:22,2
DA:30,1
DA:31,2
DA:40,1
DA:41,2
DA:52,1
DA:53,2
DA:59,12
DA:65,50
DA:67,30
DA:69,30
DA:74,24
DA:76,14
DA:78,14
DA:82,14
DA:83,10
DA:86,4
DA:90,30
DA:91,20
DA:94,10
LF:27
LH:27
BRDA:65,0,0,20
BRDA:65,0,1,10
BRDA:74,1,0,10
BRDA:74,1,1,4
BRDA:82,2,0,10
BRDA:82,2,1,4
BRDA:90,3,0,20
BRDA:90,3,1,10
BRF:8
BRH:8
end_of_record
